<?xml version="1.0" encoding="UTF-8"?>
<!-- Generated by org.testng.reporters.JUnitReportReporter -->
<testsuite hostname="LAPTOP-H5LAIL91" failures="0" tests="1" name="Cucumber.AutomatedTicketBooking.AppTest" time="0.006" errors="0" timestamp="17 Jun 2020 04:25:51 GMT">
  <testcase classname="Cucumber.AutomatedTicketBooking.AppTest" name="testApp" time="0.006"/>
</testsuite> <!-- Cucumber.AutomatedTicketBooking.AppTest -->
